<?xml version="1.0" encoding="UTF-8"?>
<!-- Generated by org.testng.reporters.JUnitReportReporter -->
<testsuite hostname="Asiya" failures="0" tests="3" name="runner.Runner" time="38.207" errors="0" timestamp="2024-10-02T02:11:26 EDT" skipped="0">
  <testcase classname="runner.Runner" name="runScenario" time="13.270"/>
  <system-out/>
  <testcase classname="runner.Runner" name="runScenario" time="12.447"/>
  <system-out/>
  <testcase classname="runner.Runner" name="runScenario" time="12.490"/>
  <system-out/>
</testsuite> <!-- runner.Runner -->
